C:\KINECT\CANDESCENTNUI-14079\DEBUG\INJECTTOUCH.DLL
C:\Kinect\candescentnui-14079\Debug\InjectTouch.exp
C:\KINECT\CANDESCENTNUI-14079\DEBUG\INJECTTOUCH.ILK
C:\Kinect\candescentnui-14079\Debug\InjectTouch.lib
C:\KINECT\CANDESCENTNUI-14079\DEBUG\INJECTTOUCH.PDB
C:\Kinect\candescentnui-14079\InjectTouch\Debug\cl.command.1.tlog
C:\Kinect\candescentnui-14079\InjectTouch\Debug\CL.read.1.tlog
C:\Kinect\candescentnui-14079\InjectTouch\Debug\CL.write.1.tlog
C:\Kinect\candescentnui-14079\InjectTouch\Debug\InjectTouch.dll.embed.manifest
C:\KINECT\CANDESCENTNUI-14079\INJECTTOUCH\DEBUG\INJECTTOUCH.DLL.EMBED.MANIFEST.RES
C:\KINECT\CANDESCENTNUI-14079\INJECTTOUCH\DEBUG\INJECTTOUCH.DLL.INTERMEDIATE.MANIFEST
C:\Kinect\candescentnui-14079\InjectTouch\Debug\InjectTouch.exe.embed.manifest
C:\Kinect\candescentnui-14079\InjectTouch\Debug\InjectTouch.exe.embed.manifest.res
C:\Kinect\candescentnui-14079\InjectTouch\Debug\InjectTouch.exe.intermediate.manifest
C:\KINECT\CANDESCENTNUI-14079\INJECTTOUCH\DEBUG\INJECTTOUCH.OBJ
C:\KINECT\CANDESCENTNUI-14079\INJECTTOUCH\DEBUG\INJECTTOUCH.RES
C:\Kinect\candescentnui-14079\InjectTouch\Debug\InjectTouch.write.1.tlog
C:\Kinect\candescentnui-14079\InjectTouch\Debug\InjectTouch_manifest.rc
C:\Kinect\candescentnui-14079\InjectTouch\Debug\link.3576.read.1.tlog
C:\Kinect\candescentnui-14079\InjectTouch\Debug\link.3576.write.1.tlog
C:\Kinect\candescentnui-14079\InjectTouch\Debug\link.3576-cvtres.read.1.tlog
C:\Kinect\candescentnui-14079\InjectTouch\Debug\link.3576-cvtres.write.1.tlog
C:\Kinect\candescentnui-14079\InjectTouch\Debug\link.command.1.tlog
C:\Kinect\candescentnui-14079\InjectTouch\Debug\link.read.1.tlog
C:\Kinect\candescentnui-14079\InjectTouch\Debug\link.write.1.tlog
C:\Kinect\candescentnui-14079\InjectTouch\Debug\link-cvtres.read.1.tlog
C:\Kinect\candescentnui-14079\InjectTouch\Debug\link-cvtres.write.1.tlog
C:\Kinect\candescentnui-14079\InjectTouch\Debug\mt.command.1.tlog
C:\Kinect\candescentnui-14079\InjectTouch\Debug\mt.read.1.tlog
C:\Kinect\candescentnui-14079\InjectTouch\Debug\mt.write.1.tlog
C:\Kinect\candescentnui-14079\InjectTouch\Debug\rc.command.1.tlog
C:\Kinect\candescentnui-14079\InjectTouch\Debug\rc.read.1.tlog
C:\Kinect\candescentnui-14079\InjectTouch\Debug\rc.write.1.tlog
C:\KINECT\CANDESCENTNUI-14079\INJECTTOUCH\DEBUG\STDAFX.OBJ
C:\Kinect\candescentnui-14079\InjectTouch\Debug\vc110.idb
C:\KINECT\CANDESCENTNUI-14079\INJECTTOUCH\DEBUG\VC110.PDB
C:\KINECT\KINECTTOUCH\DEBUG\INJECTTOUCH.DLL
C:\Kinect\KinectTouch\Debug\InjectTouch.exp
C:\KINECT\KINECTTOUCH\DEBUG\INJECTTOUCH.ILK
C:\Kinect\KinectTouch\Debug\InjectTouch.lib
C:\KINECT\KINECTTOUCH\DEBUG\INJECTTOUCH.PDB
C:\KINECT\KINECTTOUCH\INJECTTOUCH\DEBUG\INJECTTOUCH.DLL.EMBED.MANIFEST
C:\KINECT\KINECTTOUCH\INJECTTOUCH\DEBUG\INJECTTOUCH.DLL.EMBED.MANIFEST.RES
C:\KINECT\KINECTTOUCH\INJECTTOUCH\DEBUG\INJECTTOUCH.DLL.INTERMEDIATE.MANIFEST
C:\KINECT\KINECTTOUCH\INJECTTOUCH\DEBUG\INJECTTOUCH.EXE.EMBED.MANIFEST
C:\KINECT\KINECTTOUCH\INJECTTOUCH\DEBUG\INJECTTOUCH.OBJ
C:\KINECT\KINECTTOUCH\INJECTTOUCH\DEBUG\INJECTTOUCH.RES
C:\KINECT\KINECTTOUCH\INJECTTOUCH\DEBUG\STDAFX.OBJ
C:\KINECT\KINECTTOUCH\INJECTTOUCH\DEBUG\VC110.PDB
C:\USERS\ADMIN\DOWNLOADS\CANDESCENTNUI-14079\DEBUG\INJECTTOUCH.DLL
C:\Users\admin\Downloads\candescentnui-14079\Debug\InjectTouch.exp
C:\USERS\ADMIN\DOWNLOADS\CANDESCENTNUI-14079\DEBUG\INJECTTOUCH.ILK
C:\Users\admin\Downloads\candescentnui-14079\Debug\InjectTouch.lib
C:\USERS\ADMIN\DOWNLOADS\CANDESCENTNUI-14079\DEBUG\INJECTTOUCH.PDB
C:\USERS\ADMIN\DOWNLOADS\CANDESCENTNUI-14079\INJECTTOUCH\DEBUG\INJECTTOUCH.DLL.EMBED.MANIFEST.RES
C:\USERS\ADMIN\DOWNLOADS\CANDESCENTNUI-14079\INJECTTOUCH\DEBUG\INJECTTOUCH.DLL.INTERMEDIATE.MANIFEST
C:\USERS\ADMIN\DOWNLOADS\CANDESCENTNUI-14079\INJECTTOUCH\DEBUG\INJECTTOUCH.OBJ
C:\USERS\ADMIN\DOWNLOADS\CANDESCENTNUI-14079\INJECTTOUCH\DEBUG\INJECTTOUCH.RES
C:\USERS\ADMIN\DOWNLOADS\CANDESCENTNUI-14079\INJECTTOUCH\DEBUG\STDAFX.OBJ
C:\USERS\ADMIN\DOWNLOADS\CANDESCENTNUI-14079\INJECTTOUCH\DEBUG\VC110.PDB
